<?xml version="1.0" encoding="UTF-8"?>
<testsuite xmlns:xsi="http://www.w3.org/2001/XMLSchema-instance" xsi:noNamespaceSchemaLocation="https://maven.apache.org/surefire/maven-surefire-plugin/xsd/surefire-test-report.xsd" name="TestSuite" time="26.722" tests="3" errors="0" skipped="0" failures="0">
  <properties>
[...]
</properties>
  <testcase name="searchSkucode" classname="autoTest.test01" time="1.901"/>
  <testcase name="searchSkuid" classname="autoTest.test01" time="3.034"/>
  <testcase name="searchSkuowner" classname="autoTest.test01" time="3.366"/>
</testsuite>